<?xml version="1.0" encoding="UTF-8"?>
<!-- Generated by org.testng.reporters.JUnitReportReporter -->
<testsuite skipped="0" hostname="computer8" name="testcases.MavenDemoRepo.SeleniumTest" tests="3" failures="0" timestamp="2020-10-03T12:12:30 IST" time="0.007" errors="0">
  <testcase name="validateTitleTest" time="0.001" classname="testcases.MavenDemoRepo.SeleniumTest"/>
  <system-out/>
  <testcase name="validateHeaderTest" time="0.003" classname="testcases.MavenDemoRepo.SeleniumTest"/>
  <system-out/>
  <testcase name="validateLogoPresenceTest" time="0.003" classname="testcases.MavenDemoRepo.SeleniumTest"/>
  <system-out/>
</testsuite> <!-- testcases.MavenDemoRepo.SeleniumTest -->
