<?xml version="1.0" encoding="UTF-8"?>
<!-- Generated by org.testng.reporters.JUnitReportReporter -->
<testsuite skipped="0" hostname="computer8" name="testcases.MavenDemoRepo.RestAPITest" tests="1" failures="0" timestamp="2020-10-07T08:20:38 IST" time="0.018" errors="0">
  <testcase name="validateProductsAddAPI" time="0.018" classname="testcases.MavenDemoRepo.RestAPITest"/>
  <system-out/>
</testsuite> <!-- testcases.MavenDemoRepo.RestAPITest -->
